Library/Bee/Android/Prj/IL2CPP/Gradle/launcher/build/intermediates/manifest_merge_blame_file/release/manifest-merger-blame-release-report.txt
1<?xml version="1.0" encoding="utf-8"?>
2<manifest xmlns:android="http://schemas.android.com/apk/res/android"
3    package="com.XD.CircleRun"
4    android:installLocation="preferExternal"
5    android:versionCode="1"
6    android:versionName="1.3.0" >
7
8    <uses-sdk
9        android:minSdkVersion="22"
9-->src/main/AndroidManifest.xml
10        android:targetSdkVersion="32" />
10-->src/main/AndroidManifest.xml
11
12    <supports-screens
12-->src/main/AndroidManifest.xml:3:3-163
13        android:anyDensity="true"
13-->src/main/AndroidManifest.xml:3:135-160
14        android:largeScreens="true"
14-->src/main/AndroidManifest.xml:3:78-105
15        android:normalScreens="true"
15-->src/main/AndroidManifest.xml:3:49-77
16        android:smallScreens="true"
16-->src/main/AndroidManifest.xml:3:21-48
17        android:xlargeScreens="true" />
17-->src/main/AndroidManifest.xml:3:106-134
18
19    <uses-permission android:name="android.permission.ACCESS_NETWORK_STATE" />
19-->src/main/AndroidManifest.xml:7:3-77
19-->src/main/AndroidManifest.xml:7:20-74
20    <uses-permission android:name="android.permission.INTERNET" />
20-->src/main/AndroidManifest.xml:8:3-65
20-->src/main/AndroidManifest.xml:8:20-62
21
22    <uses-feature android:glEsVersion="0x00030000" />
22-->[:unityLibrary] AndroidManifest.xml:12:5-54
22-->[:unityLibrary] AndroidManifest.xml:12:19-51
23    <uses-feature
23-->[:unityLibrary] AndroidManifest.xml:13:5-15:36
24        android:name="android.hardware.vulkan.version"
24-->[:unityLibrary] AndroidManifest.xml:14:9-55
25        android:required="false" />
25-->[:unityLibrary] AndroidManifest.xml:15:9-33
26    <uses-feature
26-->[:unityLibrary] AndroidManifest.xml:19:5-21:36
27        android:name="android.hardware.touchscreen"
27-->[:unityLibrary] AndroidManifest.xml:20:9-52
28        android:required="false" />
28-->[:unityLibrary] AndroidManifest.xml:21:9-33
29    <uses-feature
29-->[:unityLibrary] AndroidManifest.xml:22:5-24:36
30        android:name="android.hardware.touchscreen.multitouch"
30-->[:unityLibrary] AndroidManifest.xml:23:9-63
31        android:required="false" />
31-->[:unityLibrary] AndroidManifest.xml:24:9-33
32    <uses-feature
32-->[:unityLibrary] AndroidManifest.xml:25:5-27:36
33        android:name="android.hardware.touchscreen.multitouch.distinct"
33-->[:unityLibrary] AndroidManifest.xml:26:9-72
34        android:required="false" />
34-->[:unityLibrary] AndroidManifest.xml:27:9-33
35
36    <application
36-->src/main/AndroidManifest.xml:4:3-6:17
37        android:extractNativeLibs="true"
37-->[:unityLibrary] AndroidManifest.xml:29:18-50
38        android:icon="@mipmap/app_icon"
38-->src/main/AndroidManifest.xml:4:49-80
39        android:label="@string/app_name" >
39-->src/main/AndroidManifest.xml:4:16-48
40        <meta-data
40-->src/main/AndroidManifest.xml:5:5-65
41            android:name="unity.builder"
41-->src/main/AndroidManifest.xml:5:16-44
42            android:value="\" />
42-->src/main/AndroidManifest.xml:5:45-62
43
44        <activity
44-->[:unityLibrary] AndroidManifest.xml:30:9-51:20
45            android:name="com.unity3d.player.UnityPlayerActivity"
45-->[:unityLibrary] AndroidManifest.xml:31:13-66
46            android:configChanges="mcc|mnc|locale|touchscreen|keyboard|keyboardHidden|navigation|orientation|screenLayout|uiMode|screenSize|smallestScreenSize|fontScale|layoutDirection|density"
46-->[:unityLibrary] AndroidManifest.xml:32:13-194
47            android:exported="true"
47-->[:unityLibrary] AndroidManifest.xml:33:13-36
48            android:hardwareAccelerated="false"
48-->[:unityLibrary] AndroidManifest.xml:34:13-48
49            android:launchMode="singleTask"
49-->[:unityLibrary] AndroidManifest.xml:35:13-44
50            android:resizeableActivity="false"
50-->[:unityLibrary] AndroidManifest.xml:36:13-47
51            android:screenOrientation="fullSensor"
51-->[:unityLibrary] AndroidManifest.xml:37:13-51
52            android:theme="@style/UnityThemeSelector" >
52-->[:unityLibrary] AndroidManifest.xml:38:13-54
53            <intent-filter>
53-->[:unityLibrary] AndroidManifest.xml:39:13-43:29
54                <action android:name="android.intent.action.MAIN" />
54-->[:unityLibrary] AndroidManifest.xml:40:17-69
54-->[:unityLibrary] AndroidManifest.xml:40:25-66
55
56                <category android:name="android.intent.category.LAUNCHER" />
56-->[:unityLibrary] AndroidManifest.xml:42:17-77
56-->[:unityLibrary] AndroidManifest.xml:42:27-74
57            </intent-filter>
58
59            <meta-data
59-->[:unityLibrary] AndroidManifest.xml:45:13-47:40
60                android:name="unityplayer.UnityActivity"
60-->[:unityLibrary] AndroidManifest.xml:46:17-57
61                android:value="true" />
61-->[:unityLibrary] AndroidManifest.xml:47:17-37
62            <meta-data
62-->[:unityLibrary] AndroidManifest.xml:48:13-50:40
63                android:name="android.notch_support"
63-->[:unityLibrary] AndroidManifest.xml:49:17-53
64                android:value="true" />
64-->[:unityLibrary] AndroidManifest.xml:50:17-37
65        </activity>
66
67        <meta-data
67-->[:unityLibrary] AndroidManifest.xml:53:9-55:33
68            android:name="unity.splash-mode"
68-->[:unityLibrary] AndroidManifest.xml:54:13-45
69            android:value="0" />
69-->[:unityLibrary] AndroidManifest.xml:55:13-30
70        <meta-data
70-->[:unityLibrary] AndroidManifest.xml:56:9-58:36
71            android:name="unity.splash-enable"
71-->[:unityLibrary] AndroidManifest.xml:57:13-47
72            android:value="True" />
72-->[:unityLibrary] AndroidManifest.xml:58:13-33
73        <meta-data
73-->[:unityLibrary] AndroidManifest.xml:59:9-61:36
74            android:name="unity.launch-fullscreen"
74-->[:unityLibrary] AndroidManifest.xml:60:13-51
75            android:value="True" />
75-->[:unityLibrary] AndroidManifest.xml:61:13-33
76        <meta-data
76-->[:unityLibrary] AndroidManifest.xml:62:9-64:37
77            android:name="unity.allow-resizable-window"
77-->[:unityLibrary] AndroidManifest.xml:63:13-56
78            android:value="False" />
78-->[:unityLibrary] AndroidManifest.xml:64:13-34
79        <meta-data
79-->[:unityLibrary] AndroidManifest.xml:65:9-67:50
80            android:name="notch.config"
80-->[:unityLibrary] AndroidManifest.xml:66:13-40
81            android:value="portrait|landscape" />
81-->[:unityLibrary] AndroidManifest.xml:67:13-47
82
83        <activity
83-->[:UnityAds:] AndroidManifest.xml:13:9-17:74
84            android:name="com.unity3d.services.ads.adunit.AdUnitActivity"
84-->[:UnityAds:] AndroidManifest.xml:14:13-74
85            android:configChanges="fontScale|keyboard|keyboardHidden|locale|mnc|mcc|navigation|orientation|screenLayout|screenSize|smallestScreenSize|uiMode|touchscreen"
85-->[:UnityAds:] AndroidManifest.xml:15:13-170
86            android:hardwareAccelerated="true"
86-->[:UnityAds:] AndroidManifest.xml:16:13-47
87            android:theme="@android:style/Theme.NoTitleBar.Fullscreen" />
87-->[:UnityAds:] AndroidManifest.xml:17:13-71
88        <activity
88-->[:UnityAds:] AndroidManifest.xml:18:9-22:86
89            android:name="com.unity3d.services.ads.adunit.AdUnitTransparentActivity"
89-->[:UnityAds:] AndroidManifest.xml:19:13-85
90            android:configChanges="fontScale|keyboard|keyboardHidden|locale|mnc|mcc|navigation|orientation|screenLayout|screenSize|smallestScreenSize|uiMode|touchscreen"
90-->[:UnityAds:] AndroidManifest.xml:20:13-170
91            android:hardwareAccelerated="true"
91-->[:UnityAds:] AndroidManifest.xml:21:13-47
92            android:theme="@android:style/Theme.Translucent.NoTitleBar.Fullscreen" />
92-->[:UnityAds:] AndroidManifest.xml:22:13-83
93        <activity
93-->[:UnityAds:] AndroidManifest.xml:23:9-27:86
94            android:name="com.unity3d.services.ads.adunit.AdUnitTransparentSoftwareActivity"
94-->[:UnityAds:] AndroidManifest.xml:24:13-93
95            android:configChanges="fontScale|keyboard|keyboardHidden|locale|mnc|mcc|navigation|orientation|screenLayout|screenSize|smallestScreenSize|uiMode|touchscreen"
95-->[:UnityAds:] AndroidManifest.xml:25:13-170
96            android:hardwareAccelerated="false"
96-->[:UnityAds:] AndroidManifest.xml:26:13-48
97            android:theme="@android:style/Theme.Translucent.NoTitleBar.Fullscreen" />
97-->[:UnityAds:] AndroidManifest.xml:27:13-83
98        <activity
98-->[:UnityAds:] AndroidManifest.xml:28:9-32:74
99            android:name="com.unity3d.services.ads.adunit.AdUnitSoftwareActivity"
99-->[:UnityAds:] AndroidManifest.xml:29:13-82
100            android:configChanges="fontScale|keyboard|keyboardHidden|locale|mnc|mcc|navigation|orientation|screenLayout|screenSize|smallestScreenSize|uiMode|touchscreen"
100-->[:UnityAds:] AndroidManifest.xml:30:13-170
101            android:hardwareAccelerated="false"
101-->[:UnityAds:] AndroidManifest.xml:31:13-48
102            android:theme="@android:style/Theme.NoTitleBar.Fullscreen" />
102-->[:UnityAds:] AndroidManifest.xml:32:13-71
103    </application>
104
105</manifest>